Using pre-set license
Built from '2020.3/release' branch; Version is '2020.3.12f1 (b3b2c6512326) revision 11776710'; Using compiler version '192528614'; Build Type 'Release'
OS: 'Windows 10 Home Single Language; OS build 19043.1083; Version 2009; 64bit' Language: 'en' Physical Memory: 16193 MB
BatchMode: 1, IsHumanControllingUs: 0, StartBugReporterOnCrash: 0, Is64bit: 1, IsPro: 0

 COMMAND LINE ARGUMENTS:
C:\Program Files\Unity\Hub\Editor\2020.3.12f1\Editor\Unity.exe
-adb2
-batchMode
-noUpm
-name
AssetImportWorker3
-projectPath
C:/Users/avina/OneDrive/Documents/GitHub/errix-adventure
-logFile
Logs/AssetImportWorker3.log
-srvPort
62149
Successfully changed project path to: C:/Users/avina/OneDrive/Documents/GitHub/errix-adventure
C:/Users/avina/OneDrive/Documents/GitHub/errix-adventure
Using Asset Import Pipeline V2.
Refreshing native plugins compatible for Editor in 154.46 ms, found 5 plugins.
Preloading 0 native plugins for Editor in 0.00 ms.
Initialize engine version: 2020.3.12f1 (b3b2c6512326)
[Subsystems] Discovering subsystems at path C:/Program Files/Unity/Hub/Editor/2020.3.12f1/Editor/Data/Resources/UnitySubsystems
[Subsystems] Discovering subsystems at path C:/Users/avina/OneDrive/Documents/GitHub/errix-adventure/Assets
GfxDevice: creating device client; threaded=0
Direct3D:
    Version:  Direct3D 11.0 [level 11.1]
    Renderer: NVIDIA GeForce MX250 (ID=0x1d13)
    Vendor:   
    VRAM:     1983 MB
    Driver:   27.21.14.6231
Initialize mono
Mono path[0] = 'C:/Program Files/Unity/Hub/Editor/2020.3.12f1/Editor/Data/Managed'
Mono path[1] = 'C:/Program Files/Unity/Hub/Editor/2020.3.12f1/Editor/Data/MonoBleedingEdge/lib/mono/unityjit'
Mono config path = 'C:/Program Files/Unity/Hub/Editor/2020.3.12f1/Editor/Data/MonoBleedingEdge/etc'
Using monoOptions --debugger-agent=transport=dt_socket,embedding=1,server=y,suspend=n,address=127.0.0.1:56336
Begin MonoManager ReloadAssembly
Registering precompiled unity dll's ...
Register platform support module: C:/Program Files/Unity/Hub/Editor/2020.3.12f1/Editor/Data/PlaybackEngines/WindowsStandaloneSupport/UnityEditor.WindowsStandalone.Extensions.dll
Registered in 0.001327 seconds.
Native extension for WindowsStandalone target not found
Refreshing native plugins compatible for Editor in 45.36 ms, found 5 plugins.
Preloading 0 native plugins for Editor in 0.00 ms.
Mono: successfully reloaded assembly
- Completed reload, in  2.901 seconds
Platform modules already initialized, skipping
Registering precompiled user dll's ...
Registered in 0.009885 seconds.
Begin MonoManager ReloadAssembly
Native extension for WindowsStandalone target not found
Refreshing native plugins compatible for Editor in 45.19 ms, found 5 plugins.
Preloading 0 native plugins for Editor in 0.00 ms.
Mono: successfully reloaded assembly
- Completed reload, in  1.315 seconds
Platform modules already initialized, skipping
========================================================================
Worker process is ready to serve import requests
Launched and connected shader compiler UnityShaderCompiler.exe after 0.08 seconds
Refreshing native plugins compatible for Editor in 0.67 ms, found 5 plugins.
Preloading 0 native plugins for Editor in 0.00 ms.
Unloading 2283 Unused Serialized files (Serialized files now loaded: 0)
System memory in use before: 100.9 MB.
System memory in use after: 101.1 MB.

Unloading 54 unused Assets to reduce memory usage. Loaded Objects now: 2710.
Total: 2.106300 ms (FindLiveObjects: 0.182200 ms CreateObjectMapping: 0.076600 ms MarkObjects: 1.787800 ms  DeleteObjects: 0.058800 ms)

AssetImportParameters requested are different than current active one (requested -> active):
  custom:framework-win-MediaFoundation: 216162199b28c13a410421893ffa2e32 -> 
  custom:video-decoder-ogg-theora: a1e56fd34408186e4bbccfd4996cb3dc -> 
  custom:container-muxer-webm: aa71ff27fc2769a1b78a27578f13a17b -> 
  custom:container-demuxer-webm: 4f35f7cbe854078d1ac9338744f61a02 -> 
  custom:container-demuxer-ogg: 62fdf1f143b41e24485cea50d1cbac27 -> 
  custom:video-encoder-webm-vp8: eb34c28f22e8b96e1ab97ce403110664 -> 
  custom:video-decoder-webm-vp8: 9c59270c3fd7afecdb556c50c9e8de78 -> 
  custom:audio-decoder-ogg-vorbis: bf7c407c2cedff20999df2af8eb42d56 -> 
  custom:audio-encoder-webm-vorbis: bf7c407c2cedff20999df2af8eb42d56 -> 
========================================================================
Received Import Request.
  path: Assets/Scripts/Player/Player.cs
  artifactKey: Guid(9b2bc7e4da3bd4783b99c92ac1096cdf) Importer(815301076,1909f56bfc062723c751e8b465ee728b)
Start importing Assets/Scripts/Player/Player.cs using Guid(9b2bc7e4da3bd4783b99c92ac1096cdf) Importer(815301076,1909f56bfc062723c751e8b465ee728b)  -> (artifact id: '8301bc7747020fd54241bcbef97b3898') in 0.025927 seconds 
  Import took 0.031968 seconds .

========================================================================
Received Prepare
Registering precompiled user dll's ...
Registered in 0.011855 seconds.
Begin MonoManager ReloadAssembly
Native extension for WindowsStandalone target not found
Refreshing native plugins compatible for Editor in 0.91 ms, found 5 plugins.
Preloading 0 native plugins for Editor in 0.00 ms.
Mono: successfully reloaded assembly
- Completed reload, in  3.008 seconds
Platform modules already initialized, skipping
Switching build target platform(19) subTarget(0) extendedPlatform(0) -> platform(13) subTarget(537395200) extendedPlatform(0)
Refreshing native plugins compatible for Editor in 2.57 ms, found 5 plugins.
Preloading 0 native plugins for Editor in 0.00 ms.
Unloading 2312 Unused Serialized files (Serialized files now loaded: 0)
System memory in use before: 100.7 MB.
System memory in use after: 101.0 MB.

Unloading 91 unused Assets to reduce memory usage. Loaded Objects now: 2714.
Total: 11.817100 ms (FindLiveObjects: 1.821100 ms CreateObjectMapping: 0.221400 ms MarkObjects: 9.476200 ms  DeleteObjects: 0.294100 ms)

AssetImportParameters requested are different than current active one (requested -> active):
  custom:framework-win-MediaFoundation: 216162199b28c13a410421893ffa2e32 -> 
  custom:video-decoder-ogg-theora: a1e56fd34408186e4bbccfd4996cb3dc -> 
  custom:container-muxer-webm: aa71ff27fc2769a1b78a27578f13a17b -> 
  custom:container-demuxer-webm: 4f35f7cbe854078d1ac9338744f61a02 -> 
  custom:container-demuxer-ogg: 62fdf1f143b41e24485cea50d1cbac27 -> 
  custom:video-encoder-webm-vp8: eb34c28f22e8b96e1ab97ce403110664 -> 
  custom:video-decoder-webm-vp8: 9c59270c3fd7afecdb556c50c9e8de78 -> 
  custom:graphics/normal-map-encoding: 01000000000000000000000000000000 -> 02000000000000000000000000000000
  custom:audio-decoder-ogg-vorbis: bf7c407c2cedff20999df2af8eb42d56 -> 
  custom:audio-encoder-webm-vorbis: bf7c407c2cedff20999df2af8eb42d56 -> 
========================================================================
Received Import Request.
  Time since last request: 15.420122 seconds.
  path: Assets/Scripts/Player/Player.cs
  artifactKey: Guid(9b2bc7e4da3bd4783b99c92ac1096cdf) Importer(815301076,1909f56bfc062723c751e8b465ee728b)
Start importing Assets/Scripts/Player/Player.cs using Guid(9b2bc7e4da3bd4783b99c92ac1096cdf) Importer(815301076,1909f56bfc062723c751e8b465ee728b)  -> (artifact id: '2319d435399e3c30f085bdf93b1d4c99') in 0.009681 seconds 
  Import took 0.017245 seconds .

========================================================================
Received Import Request.
  Time since last request: 633.136141 seconds.
  path: Assets/Prefabs/Tommy Player.prefab
  artifactKey: Guid(d6a37c7ff9be24d93a85d18cf0edb1fa) Importer(815301076,1909f56bfc062723c751e8b465ee728b)
Start importing Assets/Prefabs/Tommy Player.prefab using Guid(d6a37c7ff9be24d93a85d18cf0edb1fa) Importer(815301076,1909f56bfc062723c751e8b465ee728b)  -> (artifact id: 'a680c1b5c7e6739d4e1b8fd2e3146796') in 0.211253 seconds 
  Import took 0.218310 seconds .

========================================================================
Received Import Request.
  Time since last request: 0.003784 seconds.
  path: Assets/Prefabs/Tommy Player.prefab
  artifactKey: Guid(d6a37c7ff9be24d93a85d18cf0edb1fa) Importer(815301076,1909f56bfc062723c751e8b465ee728b)
Start importing Assets/Prefabs/Tommy Player.prefab using Guid(d6a37c7ff9be24d93a85d18cf0edb1fa) Importer(815301076,1909f56bfc062723c751e8b465ee728b)  -> (artifact id: 'a680c1b5c7e6739d4e1b8fd2e3146796') in 0.022122 seconds 
  Import took 0.033292 seconds .

========================================================================
Received Prepare
Registering precompiled user dll's ...
Registered in 0.010760 seconds.
Begin MonoManager ReloadAssembly
Native extension for WindowsStandalone target not found
Refreshing native plugins compatible for Editor in 0.86 ms, found 5 plugins.
Preloading 0 native plugins for Editor in 0.00 ms.
Mono: successfully reloaded assembly
- Completed reload, in  1.368 seconds
Platform modules already initialized, skipping
Switching build target platform(19) subTarget(0) extendedPlatform(0) -> platform(13) subTarget(537395200) extendedPlatform(0)
Refreshing native plugins compatible for Editor in 0.66 ms, found 5 plugins.
Preloading 0 native plugins for Editor in 0.00 ms.
Unloading 2312 Unused Serialized files (Serialized files now loaded: 0)
System memory in use before: 103.8 MB.
System memory in use after: 104.0 MB.

Unloading 91 unused Assets to reduce memory usage. Loaded Objects now: 2725.
Total: 3.302200 ms (FindLiveObjects: 0.312500 ms CreateObjectMapping: 0.141100 ms MarkObjects: 2.803800 ms  DeleteObjects: 0.043700 ms)

AssetImportParameters requested are different than current active one (requested -> active):
  custom:framework-win-MediaFoundation: 216162199b28c13a410421893ffa2e32 -> 
  custom:video-decoder-ogg-theora: a1e56fd34408186e4bbccfd4996cb3dc -> 
  custom:container-muxer-webm: aa71ff27fc2769a1b78a27578f13a17b -> 
  custom:container-demuxer-webm: 4f35f7cbe854078d1ac9338744f61a02 -> 
  custom:container-demuxer-ogg: 62fdf1f143b41e24485cea50d1cbac27 -> 
  custom:video-encoder-webm-vp8: eb34c28f22e8b96e1ab97ce403110664 -> 
  custom:video-decoder-webm-vp8: 9c59270c3fd7afecdb556c50c9e8de78 -> 
  custom:graphics/normal-map-encoding: 01000000000000000000000000000000 -> 02000000000000000000000000000000
  custom:audio-decoder-ogg-vorbis: bf7c407c2cedff20999df2af8eb42d56 -> 
  custom:audio-encoder-webm-vorbis: bf7c407c2cedff20999df2af8eb42d56 -> 
========================================================================
Received Import Request.
  Time since last request: 12.475815 seconds.
  path: Assets/Prefabs/Traps
  artifactKey: Guid(7206eade76e0fa844b8b58ce99b71d89) Importer(815301076,1909f56bfc062723c751e8b465ee728b)
Start importing Assets/Prefabs/Traps using Guid(7206eade76e0fa844b8b58ce99b71d89) Importer(815301076,1909f56bfc062723c751e8b465ee728b)  -> (artifact id: '5ce5efe750d401c0e81bab6a6bf30771') in 0.022305 seconds 
  Import took 0.028456 seconds .

========================================================================
Received Import Request.
  Time since last request: 10.216914 seconds.
  path: Assets/Prefabs/Traps/Chain (1).prefab
  artifactKey: Guid(2eb21d61935024449ac1634f18524f64) Importer(815301076,1909f56bfc062723c751e8b465ee728b)
Start importing Assets/Prefabs/Traps/Chain (1).prefab using Guid(2eb21d61935024449ac1634f18524f64) Importer(815301076,1909f56bfc062723c751e8b465ee728b)  -> (artifact id: '63089895f595a143e964da32c1de4617') in 0.101084 seconds 
  Import took 0.106350 seconds .

========================================================================
Received Import Request.
  Time since last request: 37.312694 seconds.
  path: Assets/Prefabs/Enemies
  artifactKey: Guid(06570bcdf35ac47ad991a8acf9e14f1c) Importer(815301076,1909f56bfc062723c751e8b465ee728b)
Start importing Assets/Prefabs/Enemies using Guid(06570bcdf35ac47ad991a8acf9e14f1c) Importer(815301076,1909f56bfc062723c751e8b465ee728b)  -> (artifact id: 'e5a2e544cd09351f078999c2920dbc22') in 0.017160 seconds 
  Import took 0.060618 seconds .

========================================================================
Received Import Request.
  Time since last request: 0.216589 seconds.
  path: Assets/Prefabs/Enemies/Earthworm.prefab
  artifactKey: Guid(ee057925aaaf940c09e72526d2d1d603) Importer(815301076,1909f56bfc062723c751e8b465ee728b)
Start importing Assets/Prefabs/Enemies/Earthworm.prefab using Guid(ee057925aaaf940c09e72526d2d1d603) Importer(815301076,1909f56bfc062723c751e8b465ee728b)  -> (artifact id: '97d4318689d989d58caca6758ef19860') in 0.050075 seconds 
  Import took 0.054909 seconds .

========================================================================
Received Import Request.
  Time since last request: 3.814474 seconds.
  path: Assets/Prefabs/Enemies/Bear.prefab
  artifactKey: Guid(f4de8d6c692312e42a95ddd663bdf959) Importer(815301076,1909f56bfc062723c751e8b465ee728b)
Start importing Assets/Prefabs/Enemies/Bear.prefab using Guid(f4de8d6c692312e42a95ddd663bdf959) Importer(815301076,1909f56bfc062723c751e8b465ee728b)  -> (artifact id: '571a98ba3ade3fe9e633debcdad0d6c7') in 0.078792 seconds 
  Import took 0.088096 seconds .

========================================================================
Received Import Request.
  Time since last request: 0.004539 seconds.
  path: Assets/Prefabs/Enemies/Bear.prefab
  artifactKey: Guid(f4de8d6c692312e42a95ddd663bdf959) Importer(815301076,1909f56bfc062723c751e8b465ee728b)
Start importing Assets/Prefabs/Enemies/Bear.prefab using Guid(f4de8d6c692312e42a95ddd663bdf959) Importer(815301076,1909f56bfc062723c751e8b465ee728b)  -> (artifact id: '571a98ba3ade3fe9e633debcdad0d6c7') in 0.013059 seconds 
  Import took 0.018616 seconds .

========================================================================
Received Import Request.
  Time since last request: 18.508682 seconds.
  path: Assets/Prefabs/Enemies/Crocodile.prefab
  artifactKey: Guid(25ef3a6b4e2a30945b03c27074d8ae23) Importer(815301076,1909f56bfc062723c751e8b465ee728b)
Start importing Assets/Prefabs/Enemies/Crocodile.prefab using Guid(25ef3a6b4e2a30945b03c27074d8ae23) Importer(815301076,1909f56bfc062723c751e8b465ee728b)  -> (artifact id: '32b2f7881bc0aae049fa9ca4035ed439') in 0.078339 seconds 
  Import took 0.084277 seconds .

========================================================================
Received Import Request.
  Time since last request: 0.001160 seconds.
  path: Assets/Prefabs/Enemies/Crocodile.prefab
  artifactKey: Guid(25ef3a6b4e2a30945b03c27074d8ae23) Importer(815301076,1909f56bfc062723c751e8b465ee728b)
Start importing Assets/Prefabs/Enemies/Crocodile.prefab using Guid(25ef3a6b4e2a30945b03c27074d8ae23) Importer(815301076,1909f56bfc062723c751e8b465ee728b)  -> (artifact id: '32b2f7881bc0aae049fa9ca4035ed439') in 0.022845 seconds 
  Import took 0.028967 seconds .

========================================================================
Received Prepare
Registering precompiled user dll's ...
Registered in 0.046011 seconds.
Begin MonoManager ReloadAssembly
Native extension for WindowsStandalone target not found
Refreshing native plugins compatible for Editor in 1.35 ms, found 5 plugins.
Preloading 0 native plugins for Editor in 0.00 ms.
Mono: successfully reloaded assembly
- Completed reload, in  5.514 seconds
Platform modules already initialized, skipping
Switching build target platform(19) subTarget(0) extendedPlatform(0) -> platform(13) subTarget(537395200) extendedPlatform(0)
Refreshing native plugins compatible for Editor in 1.30 ms, found 5 plugins.
Preloading 0 native plugins for Editor in 0.00 ms.
Unloading 2312 Unused Serialized files (Serialized files now loaded: 0)
System memory in use before: 103.9 MB.
System memory in use after: 104.1 MB.

Unloading 91 unused Assets to reduce memory usage. Loaded Objects now: 2730.
Total: 4.826400 ms (FindLiveObjects: 0.827600 ms CreateObjectMapping: 0.476200 ms MarkObjects: 3.457000 ms  DeleteObjects: 0.062700 ms)

AssetImportParameters requested are different than current active one (requested -> active):
  custom:framework-win-MediaFoundation: 216162199b28c13a410421893ffa2e32 -> 
  custom:video-decoder-ogg-theora: a1e56fd34408186e4bbccfd4996cb3dc -> 
  custom:container-muxer-webm: aa71ff27fc2769a1b78a27578f13a17b -> 
  custom:container-demuxer-webm: 4f35f7cbe854078d1ac9338744f61a02 -> 
  custom:container-demuxer-ogg: 62fdf1f143b41e24485cea50d1cbac27 -> 
  custom:video-encoder-webm-vp8: eb34c28f22e8b96e1ab97ce403110664 -> 
  custom:video-decoder-webm-vp8: 9c59270c3fd7afecdb556c50c9e8de78 -> 
  custom:graphics/normal-map-encoding: 01000000000000000000000000000000 -> 02000000000000000000000000000000
  custom:audio-decoder-ogg-vorbis: bf7c407c2cedff20999df2af8eb42d56 -> 
  custom:audio-encoder-webm-vorbis: bf7c407c2cedff20999df2af8eb42d56 -> 
