Using pre-set license

 COMMAND LINE ARGUMENTS:
/Applications/2020.3.8f1/Unity.app/Contents/MacOS/Unity
-adb2
-batchMode
-noUpm
-name
AssetImportWorker0
-projectPath
/Users/gopichand/Desktop/Unity/errix-adventure
-logFile
Logs/AssetImportWorker0.log
-srvPort
49553
Successfully changed project path to: /Users/gopichand/Desktop/Unity/errix-adventure
/Users/gopichand/Desktop/Unity/errix-adventure
Using Asset Import Pipeline V2.
Refreshing native plugins compatible for Editor in 41.76 ms, found 2 plugins.
Preloading 0 native plugins for Editor in 0.00 ms.
Initialize engine version: 2020.3.8f1 (507919d4fff5)
[Subsystems] Discovering subsystems at path /Applications/2020.3.8f1/Unity.app/Contents/Resources/UnitySubsystems
[Subsystems] Discovering subsystems at path /Users/gopichand/Desktop/Unity/errix-adventure/Assets
GfxDevice: creating device client; threaded=0
2021-06-18 10:49:47.243 Unity[1060:24560] Color LCD preferred device: Intel(R) Iris(TM) Plus Graphics 655 (low power)
2021-06-18 10:49:47.243 Unity[1060:24560] Metal devices available: 1
2021-06-18 10:49:47.243 Unity[1060:24560] 0: Intel(R) Iris(TM) Plus Graphics 655 (low power)
2021-06-18 10:49:47.244 Unity[1060:24560] Using device Intel(R) Iris(TM) Plus Graphics 655 (low power)
Initializing Metal device caps: Intel(R) Iris(TM) Plus Graphics 655
Initialize mono
Mono path[0] = '/Applications/2020.3.8f1/Unity.app/Contents/Managed'
Mono path[1] = '/Applications/2020.3.8f1/Unity.app/Contents/MonoBleedingEdge/lib/mono/unityjit'
Mono config path = '/Applications/2020.3.8f1/Unity.app/Contents/MonoBleedingEdge/etc'
Using monoOptions --debugger-agent=transport=dt_socket,embedding=1,server=y,suspend=n,address=127.0.0.1:56060
Begin MonoManager ReloadAssembly
Registering precompiled unity dll's ...
Register platform support module: /Applications/2020.3.8f1/PlaybackEngines/WebGLSupport/UnityEditor.WebGL.Extensions.dll
Register platform support module: /Applications/2020.3.8f1/Unity.app/Contents/PlaybackEngines/MacStandaloneSupport/UnityEditor.OSXStandalone.Extensions.dll
Registered in 0.003636 seconds.
Native extension for OSXStandalone target not found
Native extension for WebGL target not found
Refreshing native plugins compatible for Editor in 43.23 ms, found 2 plugins.
Preloading 0 native plugins for Editor in 0.00 ms.
Mono: successfully reloaded assembly
- Completed reload, in  4.546 seconds
Platform modules already initialized, skipping
Registering precompiled user dll's ...
Registered in 0.001330 seconds.
Begin MonoManager ReloadAssembly
Native extension for OSXStandalone target not found
Native extension for WebGL target not found
Refreshing native plugins compatible for Editor in 42.97 ms, found 2 plugins.
Preloading 0 native plugins for Editor in 0.00 ms.
Mono: successfully reloaded assembly
- Completed reload, in  1.185 seconds
Platform modules already initialized, skipping
========================================================================
Worker process is ready to serve import requests
Launching external process: /Applications/2020.3.8f1/Unity.app/Contents/Tools/UnityShaderCompiler
Launched and connected shader compiler UnityShaderCompiler after 0.02 seconds
Refreshing native plugins compatible for Editor in 0.46 ms, found 2 plugins.
Preloading 0 native plugins for Editor in 0.00 ms.
Unloading 1964 Unused Serialized files (Serialized files now loaded: 0)
System memory in use before: 158.9 MB.
System memory in use after: 159.0 MB.

Unloading 19 unused Assets to reduce memory usage. Loaded Objects now: 2413.
Total: 2.349362 ms (FindLiveObjects: 0.238660 ms CreateObjectMapping: 0.072922 ms MarkObjects: 1.968414 ms  DeleteObjects: 0.068484 ms)

========================================================================
Received Import Request.
  path: Assets/Artwork/blackcollioder.png
  artifactKey: Guid(4d6ec2c96c953477d85d356e0822f4e4) Importer(815301076,1909f56bfc062723c751e8b465ee728b)
Start importing Assets/Artwork/blackcollioder.png using Guid(4d6ec2c96c953477d85d356e0822f4e4) Importer(815301076,1909f56bfc062723c751e8b465ee728b)  -> (artifact id: '5eb4aad3db524bb459a9ceba0c7d715d') in 1.124069 seconds
  Import took 1.129223 seconds .

========================================================================
Received Import Request.
  Time since last request: 7.128473 seconds.
  path: Assets/Artwork/blackcollioder.png
  artifactKey: Guid(4d6ec2c96c953477d85d356e0822f4e4) Importer(815301076,1909f56bfc062723c751e8b465ee728b)
Start importing Assets/Artwork/blackcollioder.png using Guid(4d6ec2c96c953477d85d356e0822f4e4) Importer(815301076,1909f56bfc062723c751e8b465ee728b)  -> (artifact id: '30cbc404ee4092c1c1504b6f19b617f9') in 0.010922 seconds
  Import took 0.018079 seconds .

========================================================================
Received Import Request.
  Time since last request: 0.052312 seconds.
  path: Assets/Artwork/blackcollioder.png
  artifactKey: Guid(4d6ec2c96c953477d85d356e0822f4e4) Importer(815301076,1909f56bfc062723c751e8b465ee728b)
Start importing Assets/Artwork/blackcollioder.png using Guid(4d6ec2c96c953477d85d356e0822f4e4) Importer(815301076,1909f56bfc062723c751e8b465ee728b)  -> (artifact id: '30cbc404ee4092c1c1504b6f19b617f9') in 0.011351 seconds
  Import took 0.015046 seconds .

========================================================================
Received Import Request.
  Time since last request: 16.469146 seconds.
  path: Assets/Artwork/blackcollioder.png
  artifactKey: Guid(4d6ec2c96c953477d85d356e0822f4e4) Importer(815301076,1909f56bfc062723c751e8b465ee728b)
Start importing Assets/Artwork/blackcollioder.png using Guid(4d6ec2c96c953477d85d356e0822f4e4) Importer(815301076,1909f56bfc062723c751e8b465ee728b)  -> (artifact id: '28e4f2eb46ba355746b03b66bc67ca26') in 0.009258 seconds
  Import took 0.016047 seconds .

========================================================================
Received Import Request.
  Time since last request: 0.012905 seconds.
  path: Assets/Artwork/blackcollioder.png
  artifactKey: Guid(4d6ec2c96c953477d85d356e0822f4e4) Importer(815301076,1909f56bfc062723c751e8b465ee728b)
Start importing Assets/Artwork/blackcollioder.png using Guid(4d6ec2c96c953477d85d356e0822f4e4) Importer(815301076,1909f56bfc062723c751e8b465ee728b)  -> (artifact id: '28e4f2eb46ba355746b03b66bc67ca26') in 0.013988 seconds
  Import took 0.019192 seconds .

========================================================================
Received Import Request.
  Time since last request: 7.805814 seconds.
  path: Assets/Artwork/blackcollioder.png
  artifactKey: Guid(4d6ec2c96c953477d85d356e0822f4e4) Importer(815301076,1909f56bfc062723c751e8b465ee728b)
Start importing Assets/Artwork/blackcollioder.png using Guid(4d6ec2c96c953477d85d356e0822f4e4) Importer(815301076,1909f56bfc062723c751e8b465ee728b)  -> (artifact id: '72c2f9f9d5f4dcde1a2dd5ff50629c15') in 0.009989 seconds
  Import took 0.018149 seconds .

========================================================================
Received Import Request.
  Time since last request: 0.011287 seconds.
  path: Assets/Artwork/blackcollioder.png
  artifactKey: Guid(4d6ec2c96c953477d85d356e0822f4e4) Importer(815301076,1909f56bfc062723c751e8b465ee728b)
Start importing Assets/Artwork/blackcollioder.png using Guid(4d6ec2c96c953477d85d356e0822f4e4) Importer(815301076,1909f56bfc062723c751e8b465ee728b)  -> (artifact id: '72c2f9f9d5f4dcde1a2dd5ff50629c15') in 0.013810 seconds
  Import took 0.018769 seconds .

========================================================================
Received Import Request.
  Time since last request: 4.922921 seconds.
  path: Assets/Artwork/blackcollioder.png
  artifactKey: Guid(4d6ec2c96c953477d85d356e0822f4e4) Importer(815301076,1909f56bfc062723c751e8b465ee728b)
Start importing Assets/Artwork/blackcollioder.png using Guid(4d6ec2c96c953477d85d356e0822f4e4) Importer(815301076,1909f56bfc062723c751e8b465ee728b)  -> (artifact id: 'acdd65ffb75b71a1f9e1c23745ef96ee') in 0.009978 seconds
  Import took 0.017524 seconds .

========================================================================
Received Import Request.
  Time since last request: 0.012199 seconds.
  path: Assets/Artwork/blackcollioder.png
  artifactKey: Guid(4d6ec2c96c953477d85d356e0822f4e4) Importer(815301076,1909f56bfc062723c751e8b465ee728b)
Start importing Assets/Artwork/blackcollioder.png using Guid(4d6ec2c96c953477d85d356e0822f4e4) Importer(815301076,1909f56bfc062723c751e8b465ee728b)  -> (artifact id: 'acdd65ffb75b71a1f9e1c23745ef96ee') in 0.016156 seconds
  Import took 0.021794 seconds .

========================================================================
Received Import Request.
  Time since last request: 1308.883001 seconds.
  path: Assets/Artwork/5 - Misc. universal tiles/SignBoard.png
  artifactKey: Guid(f11912d62893d44b7aff80977521fa5b) Importer(815301076,1909f56bfc062723c751e8b465ee728b)
Start importing Assets/Artwork/5 - Misc. universal tiles/SignBoard.png using Guid(f11912d62893d44b7aff80977521fa5b) Importer(815301076,1909f56bfc062723c751e8b465ee728b)  -> (artifact id: '0350e6a89c37db9c62ec2b9f68aa2ca3') in 0.083317 seconds
  Import took 0.160149 seconds .

========================================================================
Received Import Request.
  Time since last request: 8.057736 seconds.
  path: Assets/Artwork/5 - Misc. universal tiles/SignBoard.png
  artifactKey: Guid(f11912d62893d44b7aff80977521fa5b) Importer(815301076,1909f56bfc062723c751e8b465ee728b)
Start importing Assets/Artwork/5 - Misc. universal tiles/SignBoard.png using Guid(f11912d62893d44b7aff80977521fa5b) Importer(815301076,1909f56bfc062723c751e8b465ee728b)  -> (artifact id: 'b492d19fc0849b98287e67765934ee1e') in 0.012614 seconds
  Import took 0.020689 seconds .

========================================================================
Received Import Request.
  Time since last request: 0.024555 seconds.
  path: Assets/Artwork/5 - Misc. universal tiles/SignBoard.png
  artifactKey: Guid(f11912d62893d44b7aff80977521fa5b) Importer(815301076,1909f56bfc062723c751e8b465ee728b)
Start importing Assets/Artwork/5 - Misc. universal tiles/SignBoard.png using Guid(f11912d62893d44b7aff80977521fa5b) Importer(815301076,1909f56bfc062723c751e8b465ee728b)  -> (artifact id: 'b492d19fc0849b98287e67765934ee1e') in 0.013901 seconds
  Import took 0.020361 seconds .

========================================================================
Received Import Request.
  Time since last request: 591.419254 seconds.
  path: Assets/Scenes/Menu.unity
  artifactKey: Guid(50889097c35c74626ad92839ed2288df) Importer(815301076,1909f56bfc062723c751e8b465ee728b)
Start importing Assets/Scenes/Menu.unity using Guid(50889097c35c74626ad92839ed2288df) Importer(815301076,1909f56bfc062723c751e8b465ee728b)  -> (artifact id: '939507c1107820cc0cf144a6ce5f3073') in 0.006061 seconds
  Import took 0.015001 seconds .

========================================================================
Received Import Request.
  Time since last request: 15.904723 seconds.
  path: Assets/Scenes/Maps.unity
  artifactKey: Guid(4b2e57005e4a146cb9f25443048bc98d) Importer(815301076,1909f56bfc062723c751e8b465ee728b)
Start importing Assets/Scenes/Maps.unity using Guid(4b2e57005e4a146cb9f25443048bc98d) Importer(815301076,1909f56bfc062723c751e8b465ee728b)  -> (artifact id: '3b1633485d51a31966d69e270fd6b7f0') in 0.002695 seconds
  Import took 0.009483 seconds .

========================================================================
Received Prepare
Registering precompiled user dll's ...
Registered in 0.000694 seconds.
Begin MonoManager ReloadAssembly
Native extension for OSXStandalone target not found
Native extension for WebGL target not found
Refreshing native plugins compatible for Editor in 0.49 ms, found 2 plugins.
Preloading 0 native plugins for Editor in 0.00 ms.
Mono: successfully reloaded assembly
- Completed reload, in  1.173 seconds
Platform modules already initialized, skipping
Switching build target platform(2) subTarget(0) extendedPlatform(0) -> platform(13) subTarget(537395200) extendedPlatform(0)
Refreshing native plugins compatible for Editor in 0.63 ms, found 2 plugins.
Preloading 0 native plugins for Editor in 0.00 ms.
Unloading 1944 Unused Serialized files (Serialized files now loaded: 0)
System memory in use before: 164.1 MB.
System memory in use after: 164.3 MB.

Unloading 7 unused Assets to reduce memory usage. Loaded Objects now: 2425.
Total: 2.498771 ms (FindLiveObjects: 0.428789 ms CreateObjectMapping: 0.121055 ms MarkObjects: 1.923823 ms  DeleteObjects: 0.024146 ms)

AssetImportParameters requested are different than current active one (requested -> active):
  custom:graphics/normal-map-encoding: 01000000000000000000000000000000 -> 02000000000000000000000000000000
========================================================================
Received Prepare
Registering precompiled user dll's ...
Registered in 0.000798 seconds.
Begin MonoManager ReloadAssembly
Native extension for OSXStandalone target not found
Native extension for WebGL target not found
Refreshing native plugins compatible for Editor in 0.48 ms, found 2 plugins.
Preloading 0 native plugins for Editor in 0.00 ms.
Mono: successfully reloaded assembly
- Completed reload, in  1.087 seconds
Platform modules already initialized, skipping
Switching build target platform(2) subTarget(0) extendedPlatform(0) -> platform(13) subTarget(537395200) extendedPlatform(0)
Refreshing native plugins compatible for Editor in 0.41 ms, found 2 plugins.
Preloading 0 native plugins for Editor in 0.00 ms.
Unloading 1944 Unused Serialized files (Serialized files now loaded: 0)
System memory in use before: 164.4 MB.
System memory in use after: 164.5 MB.

Unloading 7 unused Assets to reduce memory usage. Loaded Objects now: 2429.
Total: 2.144726 ms (FindLiveObjects: 0.210670 ms CreateObjectMapping: 0.133505 ms MarkObjects: 1.767024 ms  DeleteObjects: 0.032542 ms)

AssetImportParameters requested are different than current active one (requested -> active):
  custom:graphics/normal-map-encoding: 01000000000000000000000000000000 -> 02000000000000000000000000000000
========================================================================
Received Import Request.
  Time since last request: 843.962509 seconds.
  path: Assets/Scripts/Transition
  artifactKey: Guid(45d4f5b510a5c475aa87657f6b55ff68) Importer(815301076,1909f56bfc062723c751e8b465ee728b)
Start importing Assets/Scripts/Transition using Guid(45d4f5b510a5c475aa87657f6b55ff68) Importer(815301076,1909f56bfc062723c751e8b465ee728b)  -> (artifact id: 'd03bf052098876eb083cbf88608d692f') in 0.005095 seconds
  Import took 0.012096 seconds .

========================================================================
Received Import Request.
  Time since last request: 9.151140 seconds.
  path: Assets/Scripts/List of Worlds
  artifactKey: Guid(e86cd7d3f99974a60b81957179fc9a7c) Importer(815301076,1909f56bfc062723c751e8b465ee728b)
Start importing Assets/Scripts/List of Worlds using Guid(e86cd7d3f99974a60b81957179fc9a7c) Importer(815301076,1909f56bfc062723c751e8b465ee728b)  -> (artifact id: '76511c0f0559e342e0a925bd2b4fda18') in 0.001349 seconds
  Import took 0.007478 seconds .

========================================================================
Received Import Request.
  Time since last request: 20.705329 seconds.
  path: Assets/Scripts/List of Worlds/PageSwiper.cs
  artifactKey: Guid(4ee36522bbc514190b61e6ad1df267f3) Importer(815301076,1909f56bfc062723c751e8b465ee728b)
Start importing Assets/Scripts/List of Worlds/PageSwiper.cs using Guid(4ee36522bbc514190b61e6ad1df267f3) Importer(815301076,1909f56bfc062723c751e8b465ee728b)  -> (artifact id: 'b2a381a757d8087eee6abf1e68544cd5') in 0.404568 seconds
  Import took 0.409470 seconds .

========================================================================
Received Prepare
Registering precompiled user dll's ...
Registered in 0.001106 seconds.
Begin MonoManager ReloadAssembly
Native extension for OSXStandalone target not found
Native extension for WebGL target not found
Refreshing native plugins compatible for Editor in 0.45 ms, found 2 plugins.
Preloading 0 native plugins for Editor in 0.00 ms.
Mono: successfully reloaded assembly
- Completed reload, in  1.231 seconds
Platform modules already initialized, skipping
Switching build target platform(2) subTarget(0) extendedPlatform(0) -> platform(13) subTarget(537395200) extendedPlatform(0)
Refreshing native plugins compatible for Editor in 0.39 ms, found 2 plugins.
Preloading 0 native plugins for Editor in 0.00 ms.
Unloading 1944 Unused Serialized files (Serialized files now loaded: 0)
System memory in use before: 169.0 MB.
System memory in use after: 169.1 MB.

Unloading 7 unused Assets to reduce memory usage. Loaded Objects now: 2433.
Total: 2.263907 ms (FindLiveObjects: 0.217483 ms CreateObjectMapping: 0.070135 ms MarkObjects: 1.958707 ms  DeleteObjects: 0.016541 ms)

AssetImportParameters requested are different than current active one (requested -> active):
  custom:graphics/normal-map-encoding: 01000000000000000000000000000000 -> 02000000000000000000000000000000
========================================================================
Received Import Request.
  Time since last request: 64.788356 seconds.
  path: Assets/Scripts/List of Worlds/MapSwiper.cs
  artifactKey: Guid(dab53a9c56c74487fbae2af189a720e0) Importer(815301076,1909f56bfc062723c751e8b465ee728b)
Start importing Assets/Scripts/List of Worlds/MapSwiper.cs using Guid(dab53a9c56c74487fbae2af189a720e0) Importer(815301076,1909f56bfc062723c751e8b465ee728b)  -> (artifact id: 'e39efb1389228c1e05e4c3a70753f273') in 0.013335 seconds
  Import took 0.017791 seconds .

========================================================================
Received Prepare
Registering precompiled user dll's ...
Registered in 0.001547 seconds.
Begin MonoManager ReloadAssembly
Native extension for OSXStandalone target not found
Native extension for WebGL target not found
Refreshing native plugins compatible for Editor in 3.84 ms, found 2 plugins.
Preloading 0 native plugins for Editor in 0.00 ms.
Mono: successfully reloaded assembly
- Completed reload, in  1.612 seconds
Platform modules already initialized, skipping
Switching build target platform(2) subTarget(0) extendedPlatform(0) -> platform(13) subTarget(537395200) extendedPlatform(0)
Refreshing native plugins compatible for Editor in 0.47 ms, found 2 plugins.
Preloading 0 native plugins for Editor in 0.00 ms.
Unloading 1945 Unused Serialized files (Serialized files now loaded: 0)
System memory in use before: 169.2 MB.
System memory in use after: 169.3 MB.

Unloading 7 unused Assets to reduce memory usage. Loaded Objects now: 2438.
Total: 10.864298 ms (FindLiveObjects: 0.541211 ms CreateObjectMapping: 0.145762 ms MarkObjects: 10.150447 ms  DeleteObjects: 0.024819 ms)

AssetImportParameters requested are different than current active one (requested -> active):
  custom:graphics/normal-map-encoding: 01000000000000000000000000000000 -> 02000000000000000000000000000000
========================================================================
Received Prepare
Registering precompiled user dll's ...
Registered in 0.001090 seconds.
Begin MonoManager ReloadAssembly
Native extension for OSXStandalone target not found
Native extension for WebGL target not found
Refreshing native plugins compatible for Editor in 0.44 ms, found 2 plugins.
Preloading 0 native plugins for Editor in 0.00 ms.
Mono: successfully reloaded assembly
- Completed reload, in  1.049 seconds
Platform modules already initialized, skipping
Switching build target platform(2) subTarget(0) extendedPlatform(0) -> platform(13) subTarget(537395200) extendedPlatform(0)
Refreshing native plugins compatible for Editor in 0.46 ms, found 2 plugins.
Preloading 0 native plugins for Editor in 0.00 ms.
Unloading 1945 Unused Serialized files (Serialized files now loaded: 0)
System memory in use before: 169.3 MB.
System memory in use after: 169.4 MB.

Unloading 7 unused Assets to reduce memory usage. Loaded Objects now: 2442.
Total: 2.029573 ms (FindLiveObjects: 0.200651 ms CreateObjectMapping: 0.068679 ms MarkObjects: 1.743617 ms  DeleteObjects: 0.015533 ms)

AssetImportParameters requested are different than current active one (requested -> active):
  custom:graphics/normal-map-encoding: 01000000000000000000000000000000 -> 02000000000000000000000000000000
========================================================================
Received Import Request.
  Time since last request: 418.581065 seconds.
  path: Assets/Scripts/List of Worlds/MapSwiper.cs
  artifactKey: Guid(dab53a9c56c74487fbae2af189a720e0) Importer(815301076,1909f56bfc062723c751e8b465ee728b)
Start importing Assets/Scripts/List of Worlds/MapSwiper.cs using Guid(dab53a9c56c74487fbae2af189a720e0) Importer(815301076,1909f56bfc062723c751e8b465ee728b)  -> (artifact id: '6008f202247bcba7800ba7433d52586f') in 0.004854 seconds
  Import took 0.009029 seconds .

========================================================================
Received Prepare
Registering precompiled user dll's ...
Registered in 0.001326 seconds.
Begin MonoManager ReloadAssembly
Native extension for OSXStandalone target not found
Native extension for WebGL target not found
Refreshing native plugins compatible for Editor in 0.54 ms, found 2 plugins.
Preloading 0 native plugins for Editor in 0.00 ms.
Mono: successfully reloaded assembly
- Completed reload, in  1.093 seconds
Platform modules already initialized, skipping
Switching build target platform(2) subTarget(0) extendedPlatform(0) -> platform(13) subTarget(537395200) extendedPlatform(0)
Refreshing native plugins compatible for Editor in 0.41 ms, found 2 plugins.
Preloading 0 native plugins for Editor in 0.00 ms.
Unloading 1945 Unused Serialized files (Serialized files now loaded: 0)
System memory in use before: 169.5 MB.
System memory in use after: 169.6 MB.

Unloading 7 unused Assets to reduce memory usage. Loaded Objects now: 2446.
Total: 2.264753 ms (FindLiveObjects: 0.202461 ms CreateObjectMapping: 0.066849 ms MarkObjects: 1.977759 ms  DeleteObjects: 0.016772 ms)

AssetImportParameters requested are different than current active one (requested -> active):
  custom:graphics/normal-map-encoding: 01000000000000000000000000000000 -> 02000000000000000000000000000000
========================================================================
Received Prepare
Registering precompiled user dll's ...
Registered in 0.000650 seconds.
Begin MonoManager ReloadAssembly
Native extension for OSXStandalone target not found
Native extension for WebGL target not found
Refreshing native plugins compatible for Editor in 0.45 ms, found 2 plugins.
Preloading 0 native plugins for Editor in 0.00 ms.
Mono: successfully reloaded assembly
- Completed reload, in  1.222 seconds
Platform modules already initialized, skipping
Switching build target platform(2) subTarget(0) extendedPlatform(0) -> platform(13) subTarget(537395200) extendedPlatform(0)
Refreshing native plugins compatible for Editor in 0.39 ms, found 2 plugins.
Preloading 0 native plugins for Editor in 0.00 ms.
Unloading 1945 Unused Serialized files (Serialized files now loaded: 0)
System memory in use before: 169.8 MB.
System memory in use after: 170.0 MB.

Unloading 7 unused Assets to reduce memory usage. Loaded Objects now: 2450.
Total: 2.451937 ms (FindLiveObjects: 0.345203 ms CreateObjectMapping: 0.171913 ms MarkObjects: 1.916306 ms  DeleteObjects: 0.017402 ms)

AssetImportParameters requested are different than current active one (requested -> active):
  custom:graphics/normal-map-encoding: 01000000000000000000000000000000 -> 02000000000000000000000000000000
========================================================================
Received Prepare
Registering precompiled user dll's ...
Registered in 0.001152 seconds.
Begin MonoManager ReloadAssembly
Native extension for OSXStandalone target not found
Native extension for WebGL target not found
Refreshing native plugins compatible for Editor in 0.44 ms, found 2 plugins.
Preloading 0 native plugins for Editor in 0.00 ms.
Mono: successfully reloaded assembly
- Completed reload, in  1.103 seconds
Platform modules already initialized, skipping
Switching build target platform(2) subTarget(0) extendedPlatform(0) -> platform(13) subTarget(537395200) extendedPlatform(0)
Refreshing native plugins compatible for Editor in 0.46 ms, found 2 plugins.
Preloading 0 native plugins for Editor in 0.00 ms.
Unloading 1945 Unused Serialized files (Serialized files now loaded: 0)
System memory in use before: 170.0 MB.
System memory in use after: 170.2 MB.

Unloading 7 unused Assets to reduce memory usage. Loaded Objects now: 2454.
Total: 1.985944 ms (FindLiveObjects: 0.203803 ms CreateObjectMapping: 0.071576 ms MarkObjects: 1.695984 ms  DeleteObjects: 0.013611 ms)

AssetImportParameters requested are different than current active one (requested -> active):
  custom:graphics/normal-map-encoding: 01000000000000000000000000000000 -> 02000000000000000000000000000000
========================================================================
Received Import Request.
  Time since last request: 387.938127 seconds.
  path: Assets/Scripts/List of Worlds/MapSwiper.cs
  artifactKey: Guid(dab53a9c56c74487fbae2af189a720e0) Importer(815301076,1909f56bfc062723c751e8b465ee728b)
Start importing Assets/Scripts/List of Worlds/MapSwiper.cs using Guid(dab53a9c56c74487fbae2af189a720e0) Importer(815301076,1909f56bfc062723c751e8b465ee728b)  -> (artifact id: '14d8b207e4585e86ba9a513c46ab07e4') in 0.004994 seconds
  Import took 0.008664 seconds .

========================================================================
Received Import Request.
  Time since last request: 0.095852 seconds.
  path: Assets/Scripts/List of Worlds/MapSwiper.cs
  artifactKey: Guid(dab53a9c56c74487fbae2af189a720e0) Importer(815301076,1909f56bfc062723c751e8b465ee728b)
Start importing Assets/Scripts/List of Worlds/MapSwiper.cs using Guid(dab53a9c56c74487fbae2af189a720e0) Importer(815301076,1909f56bfc062723c751e8b465ee728b)  -> (artifact id: '14d8b207e4585e86ba9a513c46ab07e4') in 0.001610 seconds
  Import took 0.005841 seconds .

========================================================================
Received Prepare
Registering precompiled user dll's ...
Registered in 0.000719 seconds.
Begin MonoManager ReloadAssembly
Native extension for OSXStandalone target not found
Native extension for WebGL target not found
Refreshing native plugins compatible for Editor in 0.45 ms, found 2 plugins.
Preloading 0 native plugins for Editor in 0.00 ms.
Mono: successfully reloaded assembly
- Completed reload, in  1.083 seconds
Platform modules already initialized, skipping
Switching build target platform(2) subTarget(0) extendedPlatform(0) -> platform(13) subTarget(537395200) extendedPlatform(0)
Refreshing native plugins compatible for Editor in 0.35 ms, found 2 plugins.
Preloading 0 native plugins for Editor in 0.00 ms.
Unloading 1945 Unused Serialized files (Serialized files now loaded: 0)
System memory in use before: 170.2 MB.
System memory in use after: 170.4 MB.

Unloading 7 unused Assets to reduce memory usage. Loaded Objects now: 2458.
Total: 2.118495 ms (FindLiveObjects: 0.209086 ms CreateObjectMapping: 0.060746 ms MarkObjects: 1.832338 ms  DeleteObjects: 0.015531 ms)

AssetImportParameters requested are different than current active one (requested -> active):
  custom:graphics/normal-map-encoding: 01000000000000000000000000000000 -> 02000000000000000000000000000000
========================================================================
Received Prepare
Registering precompiled user dll's ...
Registered in 0.000673 seconds.
Begin MonoManager ReloadAssembly
Native extension for OSXStandalone target not found
Native extension for WebGL target not found
Refreshing native plugins compatible for Editor in 0.46 ms, found 2 plugins.
Preloading 0 native plugins for Editor in 0.00 ms.
Mono: successfully reloaded assembly
- Completed reload, in  1.100 seconds
Platform modules already initialized, skipping
Switching build target platform(2) subTarget(0) extendedPlatform(0) -> platform(13) subTarget(537395200) extendedPlatform(0)
Refreshing native plugins compatible for Editor in 0.36 ms, found 2 plugins.
Preloading 0 native plugins for Editor in 0.00 ms.
Unloading 1945 Unused Serialized files (Serialized files now loaded: 0)
System memory in use before: 170.5 MB.
System memory in use after: 170.6 MB.

Unloading 7 unused Assets to reduce memory usage. Loaded Objects now: 2462.
Total: 2.424783 ms (FindLiveObjects: 0.183524 ms CreateObjectMapping: 0.062819 ms MarkObjects: 2.162600 ms  DeleteObjects: 0.015003 ms)

AssetImportParameters requested are different than current active one (requested -> active):
  custom:graphics/normal-map-encoding: 01000000000000000000000000000000 -> 02000000000000000000000000000000
========================================================================
Received Prepare
Registering precompiled user dll's ...
Registered in 0.002196 seconds.
Begin MonoManager ReloadAssembly
Native extension for OSXStandalone target not found
Native extension for WebGL target not found
Refreshing native plugins compatible for Editor in 0.46 ms, found 2 plugins.
Preloading 0 native plugins for Editor in 0.00 ms.
Mono: successfully reloaded assembly
- Completed reload, in  1.137 seconds
Platform modules already initialized, skipping
Switching build target platform(2) subTarget(0) extendedPlatform(0) -> platform(13) subTarget(537395200) extendedPlatform(0)
Refreshing native plugins compatible for Editor in 0.44 ms, found 2 plugins.
Preloading 0 native plugins for Editor in 0.00 ms.
Unloading 1945 Unused Serialized files (Serialized files now loaded: 0)
System memory in use before: 170.6 MB.
System memory in use after: 170.8 MB.

Unloading 7 unused Assets to reduce memory usage. Loaded Objects now: 2466.
Total: 2.123063 ms (FindLiveObjects: 0.203044 ms CreateObjectMapping: 0.063572 ms MarkObjects: 1.838582 ms  DeleteObjects: 0.016850 ms)

AssetImportParameters requested are different than current active one (requested -> active):
  custom:graphics/normal-map-encoding: 01000000000000000000000000000000 -> 02000000000000000000000000000000
========================================================================
Received Prepare
Registering precompiled user dll's ...
Registered in 0.001699 seconds.
Begin MonoManager ReloadAssembly
Native extension for OSXStandalone target not found
Native extension for WebGL target not found
Refreshing native plugins compatible for Editor in 0.57 ms, found 2 plugins.
Preloading 0 native plugins for Editor in 0.00 ms.
Mono: successfully reloaded assembly
- Completed reload, in  1.324 seconds
Platform modules already initialized, skipping
Switching build target platform(2) subTarget(0) extendedPlatform(0) -> platform(13) subTarget(537395200) extendedPlatform(0)
Refreshing native plugins compatible for Editor in 1.37 ms, found 2 plugins.
Preloading 0 native plugins for Editor in 0.00 ms.
Unloading 1945 Unused Serialized files (Serialized files now loaded: 0)
System memory in use before: 170.9 MB.
System memory in use after: 171.0 MB.

Unloading 7 unused Assets to reduce memory usage. Loaded Objects now: 2470.
Total: 2.523964 ms (FindLiveObjects: 0.225308 ms CreateObjectMapping: 0.083861 ms MarkObjects: 2.195281 ms  DeleteObjects: 0.018585 ms)

AssetImportParameters requested are different than current active one (requested -> active):
  custom:graphics/normal-map-encoding: 01000000000000000000000000000000 -> 02000000000000000000000000000000
========================================================================
Received Prepare
Registering precompiled user dll's ...
Registered in 0.001094 seconds.
Begin MonoManager ReloadAssembly
Native extension for OSXStandalone target not found
Native extension for WebGL target not found
Refreshing native plugins compatible for Editor in 0.45 ms, found 2 plugins.
Preloading 0 native plugins for Editor in 0.00 ms.
Mono: successfully reloaded assembly
- Completed reload, in  1.074 seconds
Platform modules already initialized, skipping
Switching build target platform(2) subTarget(0) extendedPlatform(0) -> platform(13) subTarget(537395200) extendedPlatform(0)
Refreshing native plugins compatible for Editor in 0.37 ms, found 2 plugins.
Preloading 0 native plugins for Editor in 0.00 ms.
Unloading 1945 Unused Serialized files (Serialized files now loaded: 0)
System memory in use before: 171.1 MB.
System memory in use after: 171.2 MB.

Unloading 7 unused Assets to reduce memory usage. Loaded Objects now: 2474.
Total: 2.009022 ms (FindLiveObjects: 0.192966 ms CreateObjectMapping: 0.068037 ms MarkObjects: 1.732835 ms  DeleteObjects: 0.014176 ms)

AssetImportParameters requested are different than current active one (requested -> active):
  custom:graphics/normal-map-encoding: 01000000000000000000000000000000 -> 02000000000000000000000000000000
========================================================================
Received Prepare
Registering precompiled user dll's ...
Registered in 0.000898 seconds.
Begin MonoManager ReloadAssembly
Native extension for OSXStandalone target not found
Native extension for WebGL target not found
Refreshing native plugins compatible for Editor in 0.54 ms, found 2 plugins.
Preloading 0 native plugins for Editor in 0.00 ms.
Mono: successfully reloaded assembly
- Completed reload, in  1.202 seconds
Platform modules already initialized, skipping
Switching build target platform(2) subTarget(0) extendedPlatform(0) -> platform(13) subTarget(537395200) extendedPlatform(0)
Refreshing native plugins compatible for Editor in 0.47 ms, found 2 plugins.
Preloading 0 native plugins for Editor in 0.00 ms.
Unloading 1945 Unused Serialized files (Serialized files now loaded: 0)
System memory in use before: 171.3 MB.
System memory in use after: 171.4 MB.

Unloading 7 unused Assets to reduce memory usage. Loaded Objects now: 2478.
Total: 2.040726 ms (FindLiveObjects: 0.235472 ms CreateObjectMapping: 0.075069 ms MarkObjects: 1.714783 ms  DeleteObjects: 0.014500 ms)

AssetImportParameters requested are different than current active one (requested -> active):
  custom:graphics/normal-map-encoding: 01000000000000000000000000000000 -> 02000000000000000000000000000000
========================================================================
Received Prepare
Registering precompiled user dll's ...
Registered in 0.000963 seconds.
Begin MonoManager ReloadAssembly
Native extension for OSXStandalone target not found
Native extension for WebGL target not found
Refreshing native plugins compatible for Editor in 0.47 ms, found 2 plugins.
Preloading 0 native plugins for Editor in 0.00 ms.
Mono: successfully reloaded assembly
- Completed reload, in  1.109 seconds
Platform modules already initialized, skipping
Switching build target platform(2) subTarget(0) extendedPlatform(0) -> platform(13) subTarget(537395200) extendedPlatform(0)
Refreshing native plugins compatible for Editor in 0.37 ms, found 2 plugins.
Preloading 0 native plugins for Editor in 0.00 ms.
Unloading 1945 Unused Serialized files (Serialized files now loaded: 0)
System memory in use before: 171.5 MB.
System memory in use after: 171.6 MB.

Unloading 7 unused Assets to reduce memory usage. Loaded Objects now: 2482.
Total: 1.978951 ms (FindLiveObjects: 0.204265 ms CreateObjectMapping: 0.073733 ms MarkObjects: 1.686721 ms  DeleteObjects: 0.013347 ms)

AssetImportParameters requested are different than current active one (requested -> active):
  custom:graphics/normal-map-encoding: 01000000000000000000000000000000 -> 02000000000000000000000000000000
========================================================================
Received Prepare
Registering precompiled user dll's ...
Registered in 0.002255 seconds.
Begin MonoManager ReloadAssembly
Native extension for OSXStandalone target not found
Native extension for WebGL target not found
Refreshing native plugins compatible for Editor in 0.59 ms, found 2 plugins.
Preloading 0 native plugins for Editor in 0.00 ms.
Mono: successfully reloaded assembly
- Completed reload, in  1.278 seconds
Platform modules already initialized, skipping
Switching build target platform(2) subTarget(0) extendedPlatform(0) -> platform(13) subTarget(537395200) extendedPlatform(0)
Refreshing native plugins compatible for Editor in 0.53 ms, found 2 plugins.
Preloading 0 native plugins for Editor in 0.00 ms.
Unloading 1945 Unused Serialized files (Serialized files now loaded: 0)
System memory in use before: 171.7 MB.
System memory in use after: 171.8 MB.

Unloading 7 unused Assets to reduce memory usage. Loaded Objects now: 2486.
Total: 3.344458 ms (FindLiveObjects: 0.386253 ms CreateObjectMapping: 0.171529 ms MarkObjects: 2.729342 ms  DeleteObjects: 0.054398 ms)

AssetImportParameters requested are different than current active one (requested -> active):
  custom:graphics/normal-map-encoding: 01000000000000000000000000000000 -> 02000000000000000000000000000000
========================================================================
Received Import Request.
  Time since last request: 999.386171 seconds.
  path: Assets/Scenes/Grasslands Levels/Grassland Level1.unity
  artifactKey: Guid(d55ad72f4bb8042198dd81653451ff77) Importer(815301076,1909f56bfc062723c751e8b465ee728b)
Start importing Assets/Scenes/Grasslands Levels/Grassland Level1.unity using Guid(d55ad72f4bb8042198dd81653451ff77) Importer(815301076,1909f56bfc062723c751e8b465ee728b)  -> (artifact id: 'f94650d027a2a4edd687749c226a499c') in 0.028548 seconds
  Import took 0.037770 seconds .

========================================================================
Received Import Request.
  Time since last request: 12.863924 seconds.
  path: Assets/Scenes/Maps.unity
  artifactKey: Guid(4b2e57005e4a146cb9f25443048bc98d) Importer(815301076,1909f56bfc062723c751e8b465ee728b)
Start importing Assets/Scenes/Maps.unity using Guid(4b2e57005e4a146cb9f25443048bc98d) Importer(815301076,1909f56bfc062723c751e8b465ee728b)  -> (artifact id: '5909a7186bd60f23e6a6a71322700d70') in 0.004679 seconds
  Import took 0.013370 seconds .

========================================================================
Received Prepare
Registering precompiled user dll's ...
Registered in 0.001547 seconds.
Begin MonoManager ReloadAssembly
Native extension for OSXStandalone target not found
Native extension for WebGL target not found
Refreshing native plugins compatible for Editor in 0.69 ms, found 2 plugins.
Preloading 0 native plugins for Editor in 0.00 ms.
Mono: successfully reloaded assembly
- Completed reload, in  1.101 seconds
Platform modules already initialized, skipping
Switching build target platform(2) subTarget(0) extendedPlatform(0) -> platform(13) subTarget(537395200) extendedPlatform(0)
Refreshing native plugins compatible for Editor in 0.38 ms, found 2 plugins.
Preloading 0 native plugins for Editor in 0.00 ms.
Unloading 1945 Unused Serialized files (Serialized files now loaded: 0)
System memory in use before: 171.9 MB.
System memory in use after: 172.0 MB.

Unloading 7 unused Assets to reduce memory usage. Loaded Objects now: 2490.
Total: 2.606338 ms (FindLiveObjects: 0.412196 ms CreateObjectMapping: 0.073944 ms MarkObjects: 2.104612 ms  DeleteObjects: 0.014626 ms)

AssetImportParameters requested are different than current active one (requested -> active):
  custom:graphics/normal-map-encoding: 01000000000000000000000000000000 -> 02000000000000000000000000000000
========================================================================
Received Prepare
Registering precompiled user dll's ...
Registered in 0.001201 seconds.
Begin MonoManager ReloadAssembly
Native extension for OSXStandalone target not found
Native extension for WebGL target not found
Refreshing native plugins compatible for Editor in 0.47 ms, found 2 plugins.
Preloading 0 native plugins for Editor in 0.00 ms.
Mono: successfully reloaded assembly
- Completed reload, in  1.157 seconds
Platform modules already initialized, skipping
Switching build target platform(2) subTarget(0) extendedPlatform(0) -> platform(13) subTarget(537395200) extendedPlatform(0)
Refreshing native plugins compatible for Editor in 0.42 ms, found 2 plugins.
Preloading 0 native plugins for Editor in 0.00 ms.
Unloading 1945 Unused Serialized files (Serialized files now loaded: 0)
System memory in use before: 172.1 MB.
System memory in use after: 172.2 MB.

Unloading 7 unused Assets to reduce memory usage. Loaded Objects now: 2494.
Total: 3.230991 ms (FindLiveObjects: 0.247062 ms CreateObjectMapping: 0.094905 ms MarkObjects: 2.863591 ms  DeleteObjects: 0.023940 ms)

AssetImportParameters requested are different than current active one (requested -> active):
  custom:graphics/normal-map-encoding: 01000000000000000000000000000000 -> 02000000000000000000000000000000
========================================================================
Received Prepare
Refreshing native plugins compatible for Editor in 3.45 ms, found 2 plugins.
Preloading 0 native plugins for Editor in 0.00 ms.
Unloading 5 Unused Serialized files (Serialized files now loaded: 0)
System memory in use before: 135.0 MB.
System memory in use after: 135.2 MB.

Unloading 5 unused Assets to reduce memory usage. Loaded Objects now: 2494.
Total: 2.595668 ms (FindLiveObjects: 0.238051 ms CreateObjectMapping: 0.068383 ms MarkObjects: 2.266830 ms  DeleteObjects: 0.021672 ms)

