
=== Thu May 27 15:27:55 2021

Packages were changed.
Update Mode: mergeDefaultDependencies

The following packages were added:
  com.unity.collab-proxy@1.3.9
  com.unity.ide.rider@2.0.7
  com.unity.ide.visualstudio@2.0.7
  com.unity.ide.vscode@1.2.3
  com.unity.modules.ai@1.0.0
  com.unity.modules.androidjni@1.0.0
  com.unity.modules.animation@1.0.0
  com.unity.modules.assetbundle@1.0.0
  com.unity.modules.audio@1.0.0
  com.unity.modules.cloth@1.0.0
  com.unity.modules.director@1.0.0
  com.unity.modules.imageconversion@1.0.0
  com.unity.modules.imgui@1.0.0
  com.unity.modules.jsonserialize@1.0.0
  com.unity.modules.particlesystem@1.0.0
  com.unity.modules.physics@1.0.0
  com.unity.modules.physics2d@1.0.0
  com.unity.modules.screencapture@1.0.0
  com.unity.modules.terrain@1.0.0
  com.unity.modules.terrainphysics@1.0.0
  com.unity.modules.tilemap@1.0.0
  com.unity.modules.ui@1.0.0
  com.unity.modules.uielements@1.0.0
  com.unity.modules.umbra@1.0.0
  com.unity.modules.unityanalytics@1.0.0
  com.unity.modules.unitywebrequest@1.0.0
  com.unity.modules.unitywebrequestassetbundle@1.0.0
  com.unity.modules.unitywebrequestaudio@1.0.0
  com.unity.modules.unitywebrequesttexture@1.0.0
  com.unity.modules.unitywebrequestwww@1.0.0
  com.unity.modules.vehicles@1.0.0
  com.unity.modules.video@1.0.0
  com.unity.modules.vr@1.0.0
  com.unity.modules.wind@1.0.0
  com.unity.modules.xr@1.0.0
  com.unity.test-framework@1.1.24
  com.unity.textmeshpro@3.0.4
  com.unity.timeline@1.4.7
  com.unity.ugui@1.0.0
The following packages were updated:
  com.unity.2d.animation from version 5.0.1 to 5.0.4
  com.unity.2d.psdimporter from version 4.0.1 to 4.0.2
  com.unity.2d.spriteshape from version 5.0.1 to 5.1.1

=== Tue Jun 22 15:12:02 2021

Packages were changed.
Update Mode: updateDependencies

The following packages were updated:
  com.unity.2d.animation from version 5.0.4 to 5.0.5
  com.unity.2d.spriteshape from version 5.1.1 to 5.1.2
  com.unity.collab-proxy from version 1.3.9 to 1.5.7
  com.unity.ide.visualstudio from version 2.0.7 to 2.0.8
  com.unity.textmeshpro from version 3.0.4 to 3.0.6
  com.unity.timeline from version 1.4.7 to 1.4.8

=== Sat Jul 10 22:29:06 2021

Packages were changed.
Update Mode: updateDependencies

The following packages were updated:
  com.unity.ide.visualstudio from version 2.0.8 to 2.0.9
  com.unity.test-framework from version 1.1.24 to 1.1.26

=== Wed Jul 28 18:01:18 2021

Packages were changed.
Update Mode: updateDependencies

The following packages were updated:
  com.unity.2d.animation from version 5.0.5 to 5.0.6
  com.unity.2d.psdimporter from version 4.0.2 to 4.1.0
  com.unity.2d.spriteshape from version 5.1.2 to 5.1.3
  com.unity.collab-proxy from version 1.5.7 to 1.7.1
  com.unity.test-framework from version 1.1.26 to 1.1.27

=== Sat Aug 28 11:29:59 2021

Packages were changed.
Update Mode: updateDependencies

The following packages were updated:
  com.unity.2d.spriteshape from version 5.1.3 to 5.1.4
  com.unity.ide.visualstudio from version 2.0.9 to 2.0.11
  com.unity.render-pipelines.universal from version 10.5.1 to 10.6.0

=== Fri Sep 10 12:41:18 2021

Packages were changed.
Update Mode: updateDependencies

The following packages were updated:
  com.unity.analytics from version 3.5.3 to 3.6.11
  com.unity.collab-proxy from version 1.7.1 to 1.9.0

=== Sat Oct  2 11:08:17 2021

Packages were changed.
Update Mode: updateDependencies

The following packages were updated:
  com.unity.ide.vscode from version 1.2.3 to 1.2.4

=== Thu Oct 21 12:03:51 2021

Packages were changed.
Update Mode: updateDependencies

The following packages were updated:
  com.unity.collab-proxy from version 1.9.0 to 1.11.2

=== Mon Oct 25 17:01:34 2021

Packages were changed.
Update Mode: updateDependencies

The following packages were updated:
  com.unity.purchasing from version 3.2.3 to 4.0.3

=== Mon Dec  6 21:06:05 2021

Packages were changed.
Update Mode: updateDependencies

The following packages were updated:
  com.unity.render-pipelines.universal from version 10.6.0 to 10.7.0
